<?xml version="1.0" encoding="UTF-8"?>
<!-- Generated by org.testng.reporters.JUnitXMLReporter -->
<testsuite ignored="0" hostname="DESKTOP-Q55A1M4" failures="0" tests="4" name="Default test" time="42.96" errors="0" timestamp="2024-02-04T11:27:57 EET">
  <testcase classname="magentoWeb.MyTestCases" name="SighnUp" time="12.167"/>
  <testcase classname="magentoWeb.MyTestCases" name="Logout" time="4.89"/>
  <testcase classname="magentoWeb.MyTestCases" name="Login" time="7.441"/>
  <testcase classname="magentoWeb.MyTestCases" name="AddOneRandomItem" time="12.079"/>
</testsuite> <!-- Default test -->
